2018-03-15 04:39:28,550 INFO     EPOCH 9 ..............................................
2018-03-15 04:39:28,551 INFO     Training loss = 0.02162, Training acc = 0.99351, Training precision =0.21128, Training recall = 1.0
2018-03-15 04:39:28,552 INFO     Validation loss = 0.02286, Validation acc = 0.99352, Validation precision =0.20098, Validation recall = 0.93182
2018-03-15 04:39:34,336 INFO     EPOCH 19 ..............................................
2018-03-15 04:39:34,336 INFO     Training loss = 0.01193, Training acc = 0.99693, Training precision =0.36101, Training recall = 0.99751
2018-03-15 04:39:34,336 INFO     Validation loss = 0.01329, Validation acc = 0.99684, Validation precision =0.33913, Validation recall = 0.88636
2018-03-15 04:39:40,049 INFO     EPOCH 29 ..............................................
2018-03-15 04:39:40,050 INFO     Training loss = 0.00918, Training acc = 0.99781, Training precision =0.44235, Training recall = 0.99501
2018-03-15 04:39:40,050 INFO     Validation loss = 0.01184, Validation acc = 0.99743, Validation precision =0.39, Validation recall = 0.88636
2018-03-15 04:39:45,835 INFO     EPOCH 39 ..............................................
2018-03-15 04:39:45,835 INFO     Training loss = 0.0075, Training acc = 0.99819, Training precision =0.4902, Training recall = 0.99751
2018-03-15 04:39:45,835 INFO     Validation loss = 0.01118, Validation acc = 0.99754, Validation precision =0.40206, Validation recall = 0.88636
2018-03-15 04:39:51,688 INFO     EPOCH 49 ..............................................
2018-03-15 04:39:51,688 INFO     Training loss = 0.00582, Training acc = 0.99875, Training precision =0.58224, Training recall = 0.99751
2018-03-15 04:39:51,688 INFO     Validation loss = 0.01123, Validation acc = 0.99797, Validation precision =0.45238, Validation recall = 0.86364
2018-03-15 04:39:57,413 INFO     EPOCH 59 ..............................................
2018-03-15 04:39:57,413 INFO     Training loss = 0.0042, Training acc = 0.99916, Training precision =0.67454, Training recall = 0.99751
2018-03-15 04:39:57,413 INFO     Validation loss = 0.00853, Validation acc = 0.99863, Validation precision =0.56923, Validation recall = 0.84091
2018-03-15 04:40:03,170 INFO     EPOCH 69 ..............................................
2018-03-15 04:40:03,170 INFO     Training loss = 0.00428, Training acc = 0.99927, Training precision =0.70423, Training recall = 0.99751
2018-03-15 04:40:03,171 INFO     Validation loss = 0.01057, Validation acc = 0.99852, Validation precision =0.54286, Validation recall = 0.86364
2018-03-15 04:40:08,915 INFO     EPOCH 79 ..............................................
2018-03-15 04:40:08,915 INFO     Training loss = 0.00248, Training acc = 0.99958, Training precision =0.80361, Training recall = 1.0
2018-03-15 04:40:08,916 INFO     Validation loss = 0.00876, Validation acc = 0.99891, Validation precision =0.63333, Validation recall = 0.86364
2018-03-15 04:40:14,745 INFO     EPOCH 89 ..............................................
2018-03-15 04:40:14,745 INFO     Training loss = 0.00339, Training acc = 0.99924, Training precision =0.69686, Training recall = 0.99751
2018-03-15 04:40:14,745 INFO     Validation loss = 0.0115, Validation acc = 0.9984, Validation precision =0.52113, Validation recall = 0.84091
2018-03-15 04:40:20,506 INFO     EPOCH 99 ..............................................
2018-03-15 04:40:20,506 INFO     Training loss = 0.00263, Training acc = 0.99949, Training precision =0.77519, Training recall = 0.99751
2018-03-15 04:40:20,506 INFO     Validation loss = 0.01132, Validation acc = 0.9986, Validation precision =0.56061, Validation recall = 0.84091
2018-03-15 04:40:26,215 INFO     EPOCH 109 ..............................................
2018-03-15 04:40:26,215 INFO     Training loss = 0.00192, Training acc = 0.99967, Training precision =0.84244, Training recall = 1.0
2018-03-15 04:40:26,215 INFO     Validation loss = 0.01088, Validation acc = 0.99875, Validation precision =0.6, Validation recall = 0.81818
2018-03-15 04:40:31,915 INFO     EPOCH 119 ..............................................
2018-03-15 04:40:31,916 INFO     Training loss = 0.00228, Training acc = 0.99964, Training precision =0.82988, Training recall = 0.99751
2018-03-15 04:40:31,916 INFO     Validation loss = 0.00964, Validation acc = 0.99891, Validation precision =0.63793, Validation recall = 0.84091
2018-03-15 04:40:37,732 INFO     EPOCH 129 ..............................................
2018-03-15 04:40:37,732 INFO     Training loss = 0.0025, Training acc = 0.99948, Training precision =0.77176, Training recall = 0.99501
2018-03-15 04:40:37,733 INFO     Validation loss = 0.01228, Validation acc = 0.99891, Validation precision =0.63793, Validation recall = 0.84091
2018-03-15 04:40:43,495 INFO     EPOCH 139 ..............................................
2018-03-15 04:40:43,495 INFO     Training loss = 0.00299, Training acc = 0.99932, Training precision =0.71864, Training recall = 1.0
2018-03-15 04:40:43,495 INFO     Validation loss = 0.01587, Validation acc = 0.99821, Validation precision =0.48611, Validation recall = 0.79545
2018-03-15 04:40:49,276 INFO     EPOCH 149 ..............................................
2018-03-15 04:40:49,276 INFO     Training loss = 0.00086, Training acc = 0.99987, Training precision =0.9324, Training recall = 0.99751
2018-03-15 04:40:49,276 INFO     Validation loss = 0.01217, Validation acc = 0.99875, Validation precision =0.60345, Validation recall = 0.79545
2018-03-15 04:40:55,347 INFO     EPOCH 159 ..............................................
2018-03-15 04:40:55,348 INFO     Training loss = 0.00119, Training acc = 0.99978, Training precision =0.88717, Training recall = 1.0
2018-03-15 04:40:55,348 INFO     Validation loss = 0.01187, Validation acc = 0.99895, Validation precision =0.64912, Validation recall = 0.84091
2018-03-15 04:41:01,127 INFO     EPOCH 169 ..............................................
2018-03-15 04:41:01,127 INFO     Training loss = 0.00219, Training acc = 0.99955, Training precision =0.79563, Training recall = 1.0
2018-03-15 04:41:01,127 INFO     Validation loss = 0.01193, Validation acc = 0.99856, Validation precision =0.55224, Validation recall = 0.84091
2018-03-15 04:41:07,020 INFO     EPOCH 179 ..............................................
2018-03-15 04:41:07,021 INFO     Training loss = 0.00172, Training acc = 0.99959, Training precision =0.80847, Training recall = 1.0
2018-03-15 04:41:07,021 INFO     Validation loss = 0.01395, Validation acc = 0.99856, Validation precision =0.55224, Validation recall = 0.84091
2018-03-15 04:41:12,821 INFO     EPOCH 189 ..............................................
2018-03-15 04:41:12,821 INFO     Training loss = 0.00148, Training acc = 0.99976, Training precision =0.87939, Training recall = 1.0
2018-03-15 04:41:12,822 INFO     Validation loss = 0.01239, Validation acc = 0.99879, Validation precision =0.61017, Validation recall = 0.81818
2018-03-15 04:41:18,644 INFO     EPOCH 199 ..............................................
2018-03-15 04:41:18,644 INFO     Training loss = 0.00103, Training acc = 0.99982, Training precision =0.90724, Training recall = 1.0
2018-03-15 04:41:18,644 INFO     Validation loss = 0.01259, Validation acc = 0.99879, Validation precision =0.60656, Validation recall = 0.84091
2018-03-15 04:41:24,493 INFO     EPOCH 209 ..............................................
2018-03-15 04:41:24,493 INFO     Training loss = 0.00105, Training acc = 0.99978, Training precision =0.88717, Training recall = 1.0
2018-03-15 04:41:24,493 INFO     Validation loss = 0.01187, Validation acc = 0.99887, Validation precision =0.62712, Validation recall = 0.84091
2018-03-15 04:41:30,457 INFO     EPOCH 219 ..............................................
2018-03-15 04:41:30,457 INFO     Training loss = 0.00079, Training acc = 0.99985, Training precision =0.91972, Training recall = 1.0
2018-03-15 04:41:30,457 INFO     Validation loss = 0.01263, Validation acc = 0.99887, Validation precision =0.62712, Validation recall = 0.84091
2018-03-15 04:41:36,315 INFO     EPOCH 229 ..............................................
2018-03-15 04:41:36,315 INFO     Training loss = 0.00192, Training acc = 0.99969, Training precision =0.84958, Training recall = 1.0
2018-03-15 04:41:36,315 INFO     Validation loss = 0.01193, Validation acc = 0.99891, Validation precision =0.63333, Validation recall = 0.86364
2018-03-15 04:41:42,172 INFO     EPOCH 239 ..............................................
2018-03-15 04:41:42,172 INFO     Training loss = 0.00077, Training acc = 0.99983, Training precision =0.91136, Training recall = 1.0
2018-03-15 04:41:42,172 INFO     Validation loss = 0.01297, Validation acc = 0.99883, Validation precision =0.62069, Validation recall = 0.81818
2018-03-15 04:41:48,039 INFO     EPOCH 249 ..............................................
2018-03-15 04:41:48,039 INFO     Training loss = 0.00083, Training acc = 0.99984, Training precision =0.91553, Training recall = 1.0
2018-03-15 04:41:48,039 INFO     Validation loss = 0.01163, Validation acc = 0.99887, Validation precision =0.62712, Validation recall = 0.84091
2018-03-15 04:41:53,935 INFO     EPOCH 259 ..............................................
2018-03-15 04:41:53,935 INFO     Training loss = 0.00087, Training acc = 0.99984, Training precision =0.91533, Training recall = 0.99751
2018-03-15 04:41:53,935 INFO     Validation loss = 0.01193, Validation acc = 0.99887, Validation precision =0.62712, Validation recall = 0.84091
2018-03-15 04:41:59,905 INFO     EPOCH 269 ..............................................
2018-03-15 04:41:59,905 INFO     Training loss = 0.00068, Training acc = 0.9999, Training precision =0.94799, Training recall = 1.0
2018-03-15 04:41:59,905 INFO     Validation loss = 0.01398, Validation acc = 0.99879, Validation precision =0.60656, Validation recall = 0.84091
2018-03-15 04:42:05,780 INFO     EPOCH 279 ..............................................
2018-03-15 04:42:05,780 INFO     Training loss = 0.00114, Training acc = 0.99982, Training precision =0.90519, Training recall = 1.0
2018-03-15 04:42:05,780 INFO     Validation loss = 0.01323, Validation acc = 0.99883, Validation precision =0.6129, Validation recall = 0.86364
2018-03-15 04:42:11,661 INFO     EPOCH 289 ..............................................
2018-03-15 04:42:11,661 INFO     Training loss = 0.00103, Training acc = 0.99977, Training precision =0.88326, Training recall = 1.0
2018-03-15 04:42:11,661 INFO     Validation loss = 0.01118, Validation acc = 0.99906, Validation precision =0.67857, Validation recall = 0.86364
2018-03-15 04:42:17,554 INFO     EPOCH 299 ..............................................
2018-03-15 04:42:17,554 INFO     Training loss = 0.00089, Training acc = 0.99987, Training precision =0.93039, Training recall = 1.0
2018-03-15 04:42:17,554 INFO     Validation loss = 0.0116, Validation acc = 0.99891, Validation precision =0.63333, Validation recall = 0.86364
2018-03-15 04:42:23,491 INFO     EPOCH 309 ..............................................
2018-03-15 04:42:23,491 INFO     Training loss = 0.00055, Training acc = 0.99992, Training precision =0.95476, Training recall = 1.0
2018-03-15 04:42:23,491 INFO     Validation loss = 0.01339, Validation acc = 0.99887, Validation precision =0.62712, Validation recall = 0.84091
2018-03-15 04:42:29,437 INFO     EPOCH 319 ..............................................
2018-03-15 04:42:29,437 INFO     Training loss = 0.00074, Training acc = 0.99988, Training precision =0.93473, Training recall = 1.0
2018-03-15 04:42:29,437 INFO     Validation loss = 0.01197, Validation acc = 0.99895, Validation precision =0.64407, Validation recall = 0.86364
2018-03-15 04:42:35,351 INFO     EPOCH 329 ..............................................
2018-03-15 04:42:35,351 INFO     Training loss = 0.00081, Training acc = 0.99985, Training precision =0.91972, Training recall = 1.0
2018-03-15 04:42:35,351 INFO     Validation loss = 0.0126, Validation acc = 0.99887, Validation precision =0.62295, Validation recall = 0.86364
2018-03-15 04:42:41,266 INFO     EPOCH 339 ..............................................
2018-03-15 04:42:41,266 INFO     Training loss = 0.00079, Training acc = 0.99984, Training precision =0.91344, Training recall = 1.0
2018-03-15 04:42:41,266 INFO     Validation loss = 0.01118, Validation acc = 0.99902, Validation precision =0.66667, Validation recall = 0.86364
2018-03-15 04:42:47,205 INFO     EPOCH 349 ..............................................
2018-03-15 04:42:47,205 INFO     Training loss = 0.00103, Training acc = 0.99982, Training precision =0.90519, Training recall = 1.0
2018-03-15 04:42:47,205 INFO     Validation loss = 0.01194, Validation acc = 0.99887, Validation precision =0.62712, Validation recall = 0.84091
2018-03-15 04:42:53,468 INFO     EPOCH 359 ..............................................
2018-03-15 04:42:53,468 INFO     Training loss = 0.00057, Training acc = 0.9999, Training precision =0.94799, Training recall = 1.0
2018-03-15 04:42:53,468 INFO     Validation loss = 0.01169, Validation acc = 0.99902, Validation precision =0.67273, Validation recall = 0.84091
2018-03-15 04:42:59,431 INFO     EPOCH 369 ..............................................
2018-03-15 04:42:59,432 INFO     Training loss = 0.00299, Training acc = 0.99935, Training precision =0.72645, Training recall = 1.0
2018-03-15 04:42:59,432 INFO     Validation loss = 0.01238, Validation acc = 0.99875, Validation precision =0.59375, Validation recall = 0.86364
2018-03-15 04:43:05,402 INFO     EPOCH 379 ..............................................
2018-03-15 04:43:05,402 INFO     Training loss = 0.00096, Training acc = 0.99981, Training precision =0.90315, Training recall = 1.0
2018-03-15 04:43:05,402 INFO     Validation loss = 0.01098, Validation acc = 0.99887, Validation precision =0.62295, Validation recall = 0.86364
2018-03-15 04:43:11,380 INFO     EPOCH 389 ..............................................
2018-03-15 04:43:11,380 INFO     Training loss = 0.00322, Training acc = 0.9992, Training precision =0.68547, Training recall = 1.0
2018-03-15 04:43:11,381 INFO     Validation loss = 0.01398, Validation acc = 0.99801, Validation precision =0.4557, Validation recall = 0.81818
2018-03-15 04:43:17,373 INFO     EPOCH 399 ..............................................
2018-03-15 04:43:17,373 INFO     Training loss = 0.00047, Training acc = 0.99993, Training precision =0.95933, Training recall = 1.0
2018-03-15 04:43:17,373 INFO     Validation loss = 0.01326, Validation acc = 0.99871, Validation precision =0.5873, Validation recall = 0.84091
2018-03-15 04:43:23,382 INFO     EPOCH 409 ..............................................
2018-03-15 04:43:23,383 INFO     Training loss = 0.00191, Training acc = 0.99949, Training precision =0.77413, Training recall = 1.0
2018-03-15 04:43:23,383 INFO     Validation loss = 0.01565, Validation acc = 0.99817, Validation precision =0.48101, Validation recall = 0.86364
2018-03-15 04:43:29,373 INFO     EPOCH 419 ..............................................
2018-03-15 04:43:29,373 INFO     Training loss = 0.0015, Training acc = 0.99973, Training precision =0.86422, Training recall = 1.0
2018-03-15 04:43:29,373 INFO     Validation loss = 0.01569, Validation acc = 0.9986, Validation precision =0.56061, Validation recall = 0.84091
2018-03-15 04:43:35,351 INFO     EPOCH 429 ..............................................
2018-03-15 04:43:35,351 INFO     Training loss = 0.00135, Training acc = 0.99982, Training precision =0.90724, Training recall = 1.0
2018-03-15 04:43:35,351 INFO     Validation loss = 0.01179, Validation acc = 0.99902, Validation precision =0.66667, Validation recall = 0.86364
2018-03-15 04:43:41,367 INFO     EPOCH 439 ..............................................
2018-03-15 04:43:41,368 INFO     Training loss = 0.00207, Training acc = 0.99964, Training precision =0.8268, Training recall = 1.0
2018-03-15 04:43:41,368 INFO     Validation loss = 0.01235, Validation acc = 0.99867, Validation precision =0.57576, Validation recall = 0.86364
2018-03-15 04:43:47,487 INFO     EPOCH 449 ..............................................
2018-03-15 04:43:47,487 INFO     Training loss = 0.00057, Training acc = 0.9999, Training precision =0.94799, Training recall = 1.0
2018-03-15 04:43:47,487 INFO     Validation loss = 0.01039, Validation acc = 0.99914, Validation precision =0.7037, Validation recall = 0.86364
2018-03-15 04:43:53,606 INFO     EPOCH 459 ..............................................
2018-03-15 04:43:53,607 INFO     Training loss = 0.0005, Training acc = 0.99992, Training precision =0.95476, Training recall = 1.0
2018-03-15 04:43:53,607 INFO     Validation loss = 0.01116, Validation acc = 0.99895, Validation precision =0.65455, Validation recall = 0.81818
2018-03-15 04:43:59,677 INFO     EPOCH 469 ..............................................
2018-03-15 04:43:59,678 INFO     Training loss = 0.00055, Training acc = 0.9999, Training precision =0.94575, Training recall = 1.0
2018-03-15 04:43:59,678 INFO     Validation loss = 0.01142, Validation acc = 0.9991, Validation precision =0.69811, Validation recall = 0.84091
2018-03-15 04:44:05,871 INFO     EPOCH 479 ..............................................
2018-03-15 04:44:05,871 INFO     Training loss = 0.00101, Training acc = 0.99981, Training precision =0.90315, Training recall = 1.0
2018-03-15 04:44:05,871 INFO     Validation loss = 0.01112, Validation acc = 0.99906, Validation precision =0.68519, Validation recall = 0.84091
2018-03-15 04:44:11,994 INFO     EPOCH 489 ..............................................
2018-03-15 04:44:11,994 INFO     Training loss = 0.00164, Training acc = 0.99965, Training precision =0.83368, Training recall = 1.0
2018-03-15 04:44:11,994 INFO     Validation loss = 0.01221, Validation acc = 0.99867, Validation precision =0.57812, Validation recall = 0.84091
2018-03-15 04:44:18,071 INFO     EPOCH 499 ..............................................
2018-03-15 04:44:18,071 INFO     Training loss = 0.00096, Training acc = 0.99977, Training precision =0.88521, Training recall = 1.0
2018-03-15 04:44:18,071 INFO     Validation loss = 0.01353, Validation acc = 0.99871, Validation precision =0.5873, Validation recall = 0.84091
2018-03-15 04:44:18,297 INFO     TESTING PERFORMANCE STATISTICS ..................................
2018-03-15 04:44:18,297 INFO     Test loss = 0.0127, Test acc = 0.99863, Test precision =0.55405, Test recall = 0.87234
2018-03-15 04:44:19,369 INFO     Adding Regularization with lambda (0.01) to the Loss Function
2018-03-15 04:44:30,871 INFO     EPOCH 9 ..............................................
2018-03-15 04:44:30,871 INFO     Training loss = 0.6918, Training acc = 0.99826, Training precision =0.0, Training recall = 0.0
2018-03-15 04:44:30,871 INFO     Validation loss = 0.69218, Validation acc = 0.99828, Validation precision =0.0, Validation recall = 0.0
2018-03-15 04:44:36,590 INFO     EPOCH 19 ..............................................
2018-03-15 04:44:36,590 INFO     Training loss = 0.09196, Training acc = 0.98169, Training precision =0.08493, Training recall = 0.97506
2018-03-15 04:44:36,590 INFO     Validation loss = 0.09256, Validation acc = 0.98049, Validation precision =0.07303, Validation recall = 0.88636
2018-03-15 04:44:42,333 INFO     EPOCH 29 ..............................................
2018-03-15 04:44:42,333 INFO     Training loss = 0.06724, Training acc = 0.98916, Training precision =0.13466, Training recall = 0.96509
2018-03-15 04:44:42,333 INFO     Validation loss = 0.06659, Validation acc = 0.98876, Validation precision =0.12346, Validation recall = 0.90909
2018-03-15 04:44:48,096 INFO     EPOCH 39 ..............................................
2018-03-15 04:44:48,096 INFO     Training loss = 0.05789, Training acc = 0.99098, Training precision =0.15665, Training recall = 0.95511
2018-03-15 04:44:48,096 INFO     Validation loss = 0.05685, Validation acc = 0.99107, Validation precision =0.15094, Validation recall = 0.90909
2018-03-15 04:44:53,862 INFO     EPOCH 49 ..............................................
2018-03-15 04:44:53,862 INFO     Training loss = 0.05299, Training acc = 0.99194, Training precision =0.17133, Training recall = 0.94763
2018-03-15 04:44:53,862 INFO     Validation loss = 0.0512, Validation acc = 0.99189, Validation precision =0.16116, Validation recall = 0.88636
2018-03-15 04:44:59,618 INFO     EPOCH 59 ..............................................
2018-03-15 04:44:59,618 INFO     Training loss = 0.07773, Training acc = 0.98455, Training precision =0.09891, Training recall = 0.97257
2018-03-15 04:44:59,618 INFO     Validation loss = 0.07702, Validation acc = 0.98397, Validation precision =0.08949, Validation recall = 0.90909
2018-03-15 04:45:05,381 INFO     EPOCH 69 ..............................................
2018-03-15 04:45:05,381 INFO     Training loss = 0.04629, Training acc = 0.99355, Training precision =0.20806, Training recall = 0.96509
2018-03-15 04:45:05,381 INFO     Validation loss = 0.04611, Validation acc = 0.9938, Validation precision =0.20513, Validation recall = 0.90909
2018-03-15 04:45:11,149 INFO     EPOCH 79 ..............................................
2018-03-15 04:45:11,149 INFO     Training loss = 0.04673, Training acc = 0.99394, Training precision =0.21896, Training recall = 0.96758
2018-03-15 04:45:11,149 INFO     Validation loss = 0.04707, Validation acc = 0.99395, Validation precision =0.20635, Validation recall = 0.88636
2018-03-15 04:45:16,931 INFO     EPOCH 89 ..............................................
2018-03-15 04:45:16,931 INFO     Training loss = 0.04364, Training acc = 0.99519, Training precision =0.26224, Training recall = 0.97506
2018-03-15 04:45:16,931 INFO     Validation loss = 0.04423, Validation acc = 0.99567, Validation precision =0.26897, Validation recall = 0.88636
2018-03-15 04:45:22,776 INFO     EPOCH 99 ..............................................
2018-03-15 04:45:22,777 INFO     Training loss = 0.04291, Training acc = 0.99516, Training precision =0.26023, Training recall = 0.96758
2018-03-15 04:45:22,777 INFO     Validation loss = 0.04335, Validation acc = 0.99571, Validation precision =0.27083, Validation recall = 0.88636
2018-03-15 04:45:28,556 INFO     EPOCH 109 ..............................................
2018-03-15 04:45:28,556 INFO     Training loss = 0.04867, Training acc = 0.99424, Training precision =0.22929, Training recall = 0.98005
2018-03-15 04:45:28,556 INFO     Validation loss = 0.04801, Validation acc = 0.99477, Validation precision =0.23214, Validation recall = 0.88636
2018-03-15 04:45:34,374 INFO     EPOCH 119 ..............................................
2018-03-15 04:45:34,374 INFO     Training loss = 0.04403, Training acc = 0.99407, Training precision =0.22305, Training recall = 0.97007
2018-03-15 04:45:34,375 INFO     Validation loss = 0.04388, Validation acc = 0.99434, Validation precision =0.21788, Validation recall = 0.88636
2018-03-15 04:45:40,219 INFO     EPOCH 129 ..............................................
2018-03-15 04:45:40,219 INFO     Training loss = 0.04423, Training acc = 0.99369, Training precision =0.21328, Training recall = 0.97756
2018-03-15 04:45:40,219 INFO     Validation loss = 0.04445, Validation acc = 0.99427, Validation precision =0.21547, Validation recall = 0.88636
2018-03-15 04:45:46,104 INFO     EPOCH 139 ..............................................
2018-03-15 04:45:46,104 INFO     Training loss = 0.04202, Training acc = 0.99459, Training precision =0.24017, Training recall = 0.97506
2018-03-15 04:45:46,104 INFO     Validation loss = 0.04245, Validation acc = 0.99466, Validation precision =0.22807, Validation recall = 0.88636
2018-03-15 04:45:52,059 INFO     EPOCH 149 ..............................................
2018-03-15 04:45:52,059 INFO     Training loss = 0.04026, Training acc = 0.99559, Training precision =0.27905, Training recall = 0.97007
2018-03-15 04:45:52,059 INFO     Validation loss = 0.04251, Validation acc = 0.99544, Validation precision =0.25828, Validation recall = 0.88636
2018-03-15 04:45:57,926 INFO     EPOCH 159 ..............................................
2018-03-15 04:45:57,926 INFO     Training loss = 0.0415, Training acc = 0.99475, Training precision =0.24592, Training recall = 0.97756
2018-03-15 04:45:57,926 INFO     Validation loss = 0.04209, Validation acc = 0.99489, Validation precision =0.23636, Validation recall = 0.88636
2018-03-15 04:46:03,797 INFO     EPOCH 169 ..............................................
2018-03-15 04:46:03,797 INFO     Training loss = 0.03677, Training acc = 0.99581, Training precision =0.28943, Training recall = 0.97007
2018-03-15 04:46:03,797 INFO     Validation loss = 0.03732, Validation acc = 0.99598, Validation precision =0.28467, Validation recall = 0.88636
2018-03-15 04:46:09,879 INFO     EPOCH 179 ..............................................
2018-03-15 04:46:09,879 INFO     Training loss = 0.04126, Training acc = 0.99436, Training precision =0.23278, Training recall = 0.97756
2018-03-15 04:46:09,879 INFO     Validation loss = 0.04153, Validation acc = 0.99473, Validation precision =0.23077, Validation recall = 0.88636
2018-03-15 04:46:15,802 INFO     EPOCH 189 ..............................................
2018-03-15 04:46:15,802 INFO     Training loss = 0.03819, Training acc = 0.99502, Training precision =0.25507, Training recall = 0.97257
2018-03-15 04:46:15,802 INFO     Validation loss = 0.0386, Validation acc = 0.99516, Validation precision =0.24359, Validation recall = 0.86364
2018-03-15 04:46:21,699 INFO     EPOCH 199 ..............................................
2018-03-15 04:46:21,699 INFO     Training loss = 0.03892, Training acc = 0.99476, Training precision =0.2467, Training recall = 0.98005
2018-03-15 04:46:21,699 INFO     Validation loss = 0.03959, Validation acc = 0.99501, Validation precision =0.2375, Validation recall = 0.86364
2018-03-15 04:46:27,571 INFO     EPOCH 209 ..............................................
2018-03-15 04:46:27,571 INFO     Training loss = 0.03927, Training acc = 0.99483, Training precision =0.24777, Training recall = 0.97007
2018-03-15 04:46:27,571 INFO     Validation loss = 0.04001, Validation acc = 0.99516, Validation precision =0.24684, Validation recall = 0.88636
2018-03-15 04:46:33,438 INFO     EPOCH 219 ..............................................
2018-03-15 04:46:33,438 INFO     Training loss = 0.05322, Training acc = 0.9904, Training precision =0.15308, Training recall = 0.99751
2018-03-15 04:46:33,438 INFO     Validation loss = 0.05382, Validation acc = 0.99083, Validation precision =0.14232, Validation recall = 0.86364
2018-03-15 04:46:39,347 INFO     EPOCH 229 ..............................................
2018-03-15 04:46:39,347 INFO     Training loss = 0.03604, Training acc = 0.99569, Training precision =0.28405, Training recall = 0.97257
2018-03-15 04:46:39,347 INFO     Validation loss = 0.03667, Validation acc = 0.99567, Validation precision =0.26573, Validation recall = 0.86364
2018-03-15 04:46:45,237 INFO     EPOCH 239 ..............................................
2018-03-15 04:46:45,238 INFO     Training loss = 0.0367, Training acc = 0.99557, Training precision =0.27869, Training recall = 0.97506
2018-03-15 04:46:45,238 INFO     Validation loss = 0.03814, Validation acc = 0.99544, Validation precision =0.25828, Validation recall = 0.88636
2018-03-15 04:46:51,225 INFO     EPOCH 249 ..............................................
2018-03-15 04:46:51,225 INFO     Training loss = 0.04006, Training acc = 0.99428, Training precision =0.23018, Training recall = 0.97756
2018-03-15 04:46:51,225 INFO     Validation loss = 0.04041, Validation acc = 0.9945, Validation precision =0.22286, Validation recall = 0.88636
2018-03-15 04:46:57,167 INFO     EPOCH 259 ..............................................
2018-03-15 04:46:57,167 INFO     Training loss = 0.05053, Training acc = 0.9919, Training precision =0.17559, Training recall = 0.99002
2018-03-15 04:46:57,167 INFO     Validation loss = 0.04998, Validation acc = 0.99208, Validation precision =0.16456, Validation recall = 0.88636
2018-03-15 04:47:03,190 INFO     EPOCH 269 ..............................................
2018-03-15 04:47:03,191 INFO     Training loss = 0.0413, Training acc = 0.99414, Training precision =0.22701, Training recall = 0.98504
2018-03-15 04:47:03,191 INFO     Validation loss = 0.04165, Validation acc = 0.99442, Validation precision =0.22034, Validation recall = 0.88636
2018-03-15 04:47:09,118 INFO     EPOCH 279 ..............................................
2018-03-15 04:47:09,119 INFO     Training loss = 0.0468, Training acc = 0.99238, Training precision =0.18494, Training recall = 0.99252
2018-03-15 04:47:09,119 INFO     Validation loss = 0.04581, Validation acc = 0.99286, Validation precision =0.17674, Validation recall = 0.86364
2018-03-15 04:47:15,043 INFO     EPOCH 289 ..............................................
2018-03-15 04:47:15,044 INFO     Training loss = 0.04525, Training acc = 0.99244, Training precision =0.18616, Training recall = 0.99252
2018-03-15 04:47:15,044 INFO     Validation loss = 0.04478, Validation acc = 0.99302, Validation precision =0.1831, Validation recall = 0.88636
2018-03-15 04:47:21,049 INFO     EPOCH 299 ..............................................
2018-03-15 04:47:21,049 INFO     Training loss = 0.04379, Training acc = 0.99306, Training precision =0.19819, Training recall = 0.98254
2018-03-15 04:47:21,049 INFO     Validation loss = 0.04354, Validation acc = 0.99372, Validation precision =0.2, Validation recall = 0.88636
2018-03-15 04:47:27,125 INFO     EPOCH 309 ..............................................
2018-03-15 04:47:27,125 INFO     Training loss = 0.05038, Training acc = 0.98996, Training precision =0.14707, Training recall = 0.99501
2018-03-15 04:47:27,125 INFO     Validation loss = 0.04929, Validation acc = 0.99087, Validation precision =0.14552, Validation recall = 0.88636
2018-03-15 04:47:33,121 INFO     EPOCH 319 ..............................................
2018-03-15 04:47:33,121 INFO     Training loss = 0.04326, Training acc = 0.99277, Training precision =0.19223, Training recall = 0.98753
2018-03-15 04:47:33,121 INFO     Validation loss = 0.04261, Validation acc = 0.99348, Validation precision =0.19403, Validation recall = 0.88636
2018-03-15 04:47:39,187 INFO     EPOCH 329 ..............................................
2018-03-15 04:47:39,187 INFO     Training loss = 0.07841, Training acc = 0.99241, Training precision =0.18525, Training recall = 0.99002
2018-03-15 04:47:39,187 INFO     Validation loss = 0.07893, Validation acc = 0.99337, Validation precision =0.19118, Validation recall = 0.88636
2018-03-15 04:47:45,150 INFO     EPOCH 339 ..............................................
2018-03-15 04:47:45,150 INFO     Training loss = 0.04334, Training acc = 0.99402, Training precision =0.22279, Training recall = 0.98005
2018-03-15 04:47:45,150 INFO     Validation loss = 0.04544, Validation acc = 0.99395, Validation precision =0.20635, Validation recall = 0.88636
2018-03-15 04:47:51,171 INFO     EPOCH 349 ..............................................
2018-03-15 04:47:51,171 INFO     Training loss = 0.04299, Training acc = 0.99291, Training precision =0.19576, Training recall = 0.99002
2018-03-15 04:47:51,171 INFO     Validation loss = 0.04174, Validation acc = 0.99325, Validation precision =0.18841, Validation recall = 0.88636
2018-03-15 04:47:57,352 INFO     EPOCH 359 ..............................................
2018-03-15 04:47:57,352 INFO     Training loss = 0.04828, Training acc = 0.99082, Training precision =0.15783, Training recall = 0.98753
2018-03-15 04:47:57,352 INFO     Validation loss = 0.04763, Validation acc = 0.99091, Validation precision =0.14607, Validation recall = 0.88636
2018-03-15 04:48:03,414 INFO     EPOCH 369 ..............................................
2018-03-15 04:48:03,415 INFO     Training loss = 0.05615, Training acc = 0.99274, Training precision =0.19207, Training recall = 0.99002
2018-03-15 04:48:03,415 INFO     Validation loss = 0.05549, Validation acc = 0.99313, Validation precision =0.18269, Validation recall = 0.86364
2018-03-15 04:48:09,627 INFO     EPOCH 379 ..............................................
2018-03-15 04:48:09,628 INFO     Training loss = 0.05268, Training acc = 0.98882, Training precision =0.13412, Training recall = 0.99501
2018-03-15 04:48:09,628 INFO     Validation loss = 0.05362, Validation acc = 0.98947, Validation precision =0.12829, Validation recall = 0.88636
2018-03-15 04:48:15,674 INFO     EPOCH 389 ..............................................
2018-03-15 04:48:15,674 INFO     Training loss = 0.04174, Training acc = 0.99278, Training precision =0.19281, Training recall = 0.99002
2018-03-15 04:48:15,674 INFO     Validation loss = 0.04268, Validation acc = 0.99278, Validation precision =0.17512, Validation recall = 0.86364
2018-03-15 04:48:21,733 INFO     EPOCH 399 ..............................................
2018-03-15 04:48:21,734 INFO     Training loss = 0.0446, Training acc = 0.99165, Training precision =0.17119, Training recall = 0.99002
2018-03-15 04:48:21,734 INFO     Validation loss = 0.04575, Validation acc = 0.99146, Validation precision =0.15139, Validation recall = 0.86364
2018-03-15 04:48:27,757 INFO     EPOCH 409 ..............................................
2018-03-15 04:48:27,757 INFO     Training loss = 0.07653, Training acc = 0.9883, Training precision =0.12859, Training recall = 0.99252
2018-03-15 04:48:27,757 INFO     Validation loss = 0.07555, Validation acc = 0.98931, Validation precision =0.12662, Validation recall = 0.88636
2018-03-15 04:48:33,778 INFO     EPOCH 419 ..............................................
2018-03-15 04:48:33,778 INFO     Training loss = 0.0439, Training acc = 0.9926, Training precision =0.18747, Training recall = 0.97756
2018-03-15 04:48:33,778 INFO     Validation loss = 0.04385, Validation acc = 0.9929, Validation precision =0.18056, Validation recall = 0.88636
2018-03-15 04:48:39,936 INFO     EPOCH 429 ..............................................
2018-03-15 04:48:39,936 INFO     Training loss = 0.03985, Training acc = 0.99333, Training precision =0.20488, Training recall = 0.98504
2018-03-15 04:48:39,936 INFO     Validation loss = 0.04169, Validation acc = 0.99313, Validation precision =0.18269, Validation recall = 0.86364
2018-03-15 04:48:45,995 INFO     EPOCH 439 ..............................................
2018-03-15 04:48:45,995 INFO     Training loss = 0.04381, Training acc = 0.99156, Training precision =0.17001, Training recall = 0.99252
2018-03-15 04:48:45,996 INFO     Validation loss = 0.04461, Validation acc = 0.99192, Validation precision =0.16183, Validation recall = 0.88636
2018-03-15 04:48:52,267 INFO     EPOCH 449 ..............................................
2018-03-15 04:48:52,267 INFO     Training loss = 0.06362, Training acc = 0.99021, Training precision =0.15049, Training recall = 0.99751
2018-03-15 04:48:52,267 INFO     Validation loss = 0.06389, Validation acc = 0.99029, Validation precision =0.13781, Validation recall = 0.88636
2018-03-15 04:48:58,334 INFO     EPOCH 459 ..............................................
2018-03-15 04:48:58,334 INFO     Training loss = 0.04761, Training acc = 0.99043, Training precision =0.15323, Training recall = 0.99501
2018-03-15 04:48:58,335 INFO     Validation loss = 0.04781, Validation acc = 0.99072, Validation precision =0.14338, Validation recall = 0.88636
2018-03-15 04:49:04,413 INFO     EPOCH 469 ..............................................
2018-03-15 04:49:04,414 INFO     Training loss = 0.03946, Training acc = 0.99435, Training precision =0.23155, Training recall = 0.97007
2018-03-15 04:49:04,414 INFO     Validation loss = 0.04079, Validation acc = 0.99411, Validation precision =0.21081, Validation recall = 0.88636
2018-03-15 04:49:10,526 INFO     EPOCH 479 ..............................................
2018-03-15 04:49:10,527 INFO     Training loss = 0.04172, Training acc = 0.99324, Training precision =0.20185, Training recall = 0.97756
2018-03-15 04:49:10,527 INFO     Validation loss = 0.04251, Validation acc = 0.99329, Validation precision =0.18932, Validation recall = 0.88636
2018-03-15 04:49:16,632 INFO     EPOCH 489 ..............................................
2018-03-15 04:49:16,632 INFO     Training loss = 0.04242, Training acc = 0.99292, Training precision =0.19495, Training recall = 0.98254
2018-03-15 04:49:16,633 INFO     Validation loss = 0.04311, Validation acc = 0.9929, Validation precision =0.18056, Validation recall = 0.88636
2018-03-15 04:49:22,770 INFO     EPOCH 499 ..............................................
2018-03-15 04:49:22,770 INFO     Training loss = 0.0378, Training acc = 0.99465, Training precision =0.24164, Training recall = 0.97257
2018-03-15 04:49:22,770 INFO     Validation loss = 0.0394, Validation acc = 0.99454, Validation precision =0.22414, Validation recall = 0.88636
2018-03-15 04:49:22,994 INFO     TESTING PERFORMANCE STATISTICS ..................................
2018-03-15 04:49:22,995 INFO     Test loss = 0.04171, Test acc = 0.99336, Test precision =0.18584, Test recall = 0.89362
2018-03-15 04:49:23,821 INFO     Adding Regularization with lambda (0.001) to the Loss Function
2018-03-15 04:49:35,127 INFO     EPOCH 9 ..............................................
2018-03-15 04:49:35,127 INFO     Training loss = 0.05182, Training acc = 0.98865, Training precision =0.13278, Training recall = 1.0
2018-03-15 04:49:35,127 INFO     Validation loss = 0.05456, Validation acc = 0.98798, Validation precision =0.11404, Validation recall = 0.88636
2018-03-15 04:49:40,872 INFO     EPOCH 19 ..............................................
2018-03-15 04:49:40,872 INFO     Training loss = 0.03637, Training acc = 0.99332, Training precision =0.20649, Training recall = 1.0
2018-03-15 04:49:40,872 INFO     Validation loss = 0.03816, Validation acc = 0.99348, Validation precision =0.18782, Validation recall = 0.84091
2018-03-15 04:49:46,675 INFO     EPOCH 29 ..............................................
2018-03-15 04:49:46,675 INFO     Training loss = 0.0284, Training acc = 0.99568, Training precision =0.28704, Training recall = 1.0
2018-03-15 04:49:46,675 INFO     Validation loss = 0.03208, Validation acc = 0.99547, Validation precision =0.26, Validation recall = 0.88636
2018-03-15 04:49:52,567 INFO     EPOCH 39 ..............................................
2018-03-15 04:49:52,568 INFO     Training loss = 0.03158, Training acc = 0.99409, Training precision =0.22701, Training recall = 0.99751
2018-03-15 04:49:52,568 INFO     Validation loss = 0.03668, Validation acc = 0.99415, Validation precision =0.21196, Validation recall = 0.88636
2018-03-15 04:49:58,306 INFO     EPOCH 49 ..............................................
2018-03-15 04:49:58,306 INFO     Training loss = 0.02809, Training acc = 0.99511, Training precision =0.26226, Training recall = 1.0
2018-03-15 04:49:58,306 INFO     Validation loss = 0.03299, Validation acc = 0.99462, Validation precision =0.22353, Validation recall = 0.86364
2018-03-15 04:50:04,052 INFO     EPOCH 59 ..............................................
2018-03-15 04:50:04,052 INFO     Training loss = 0.02504, Training acc = 0.99579, Training precision =0.29176, Training recall = 0.99751
2018-03-15 04:50:04,052 INFO     Validation loss = 0.02853, Validation acc = 0.99505, Validation precision =0.23567, Validation recall = 0.84091
2018-03-15 04:50:09,833 INFO     EPOCH 69 ..............................................
2018-03-15 04:50:09,833 INFO     Training loss = 0.02592, Training acc = 0.99557, Training precision =0.2818, Training recall = 1.0
2018-03-15 04:50:09,833 INFO     Validation loss = 0.03042, Validation acc = 0.99442, Validation precision =0.21714, Validation recall = 0.86364
2018-03-15 04:50:15,675 INFO     EPOCH 79 ..............................................
2018-03-15 04:50:15,675 INFO     Training loss = 0.0214, Training acc = 0.99689, Training precision =0.35785, Training recall = 0.99501
2018-03-15 04:50:15,675 INFO     Validation loss = 0.02689, Validation acc = 0.9959, Validation precision =0.27068, Validation recall = 0.81818
2018-03-15 04:50:21,488 INFO     EPOCH 89 ..............................................
2018-03-15 04:50:21,489 INFO     Training loss = 0.02075, Training acc = 0.99704, Training precision =0.36886, Training recall = 0.99252
2018-03-15 04:50:21,489 INFO     Validation loss = 0.02592, Validation acc = 0.99606, Validation precision =0.27559, Validation recall = 0.79545
2018-03-15 04:50:27,328 INFO     EPOCH 99 ..............................................
2018-03-15 04:50:27,328 INFO     Training loss = 0.02359, Training acc = 0.99637, Training precision =0.32308, Training recall = 0.99501
2018-03-15 04:50:27,328 INFO     Validation loss = 0.02903, Validation acc = 0.99594, Validation precision =0.28261, Validation recall = 0.88636
2018-03-15 04:50:33,108 INFO     EPOCH 109 ..............................................
2018-03-15 04:50:33,108 INFO     Training loss = 0.02369, Training acc = 0.99631, Training precision =0.32, Training recall = 0.99751
2018-03-15 04:50:33,109 INFO     Validation loss = 0.03009, Validation acc = 0.99567, Validation precision =0.25899, Validation recall = 0.81818
2018-03-15 04:50:38,903 INFO     EPOCH 119 ..............................................
2018-03-15 04:50:38,903 INFO     Training loss = 0.02115, Training acc = 0.99686, Training precision =0.35536, Training recall = 0.99252
2018-03-15 04:50:38,904 INFO     Validation loss = 0.02922, Validation acc = 0.9961, Validation precision =0.28125, Validation recall = 0.81818
2018-03-15 04:50:44,701 INFO     EPOCH 129 ..............................................
2018-03-15 04:50:44,701 INFO     Training loss = 0.02103, Training acc = 0.99671, Training precision =0.34459, Training recall = 0.99252
2018-03-15 04:50:44,701 INFO     Validation loss = 0.02822, Validation acc = 0.99614, Validation precision =0.28682, Validation recall = 0.84091
2018-03-15 04:50:50,552 INFO     EPOCH 139 ..............................................
2018-03-15 04:50:50,552 INFO     Training loss = 0.02271, Training acc = 0.99635, Training precision =0.32206, Training recall = 0.99751
2018-03-15 04:50:50,552 INFO     Validation loss = 0.03016, Validation acc = 0.99586, Validation precision =0.27206, Validation recall = 0.84091
2018-03-15 04:50:56,381 INFO     EPOCH 149 ..............................................
2018-03-15 04:50:56,381 INFO     Training loss = 0.02006, Training acc = 0.99696, Training precision =0.36256, Training recall = 0.99002
2018-03-15 04:50:56,381 INFO     Validation loss = 0.02707, Validation acc = 0.99629, Validation precision =0.296, Validation recall = 0.84091
2018-03-15 04:51:02,202 INFO     EPOCH 159 ..............................................
2018-03-15 04:51:02,203 INFO     Training loss = 0.01951, Training acc = 0.9971, Training precision =0.37465, Training recall = 0.99501
2018-03-15 04:51:02,203 INFO     Validation loss = 0.02595, Validation acc = 0.99649, Validation precision =0.30833, Validation recall = 0.84091
2018-03-15 04:51:08,051 INFO     EPOCH 169 ..............................................
2018-03-15 04:51:08,052 INFO     Training loss = 0.02112, Training acc = 0.99699, Training precision =0.36563, Training recall = 0.99751
2018-03-15 04:51:08,052 INFO     Validation loss = 0.02651, Validation acc = 0.99641, Validation precision =0.30645, Validation recall = 0.86364
2018-03-15 04:51:13,990 INFO     EPOCH 179 ..............................................
2018-03-15 04:51:13,990 INFO     Training loss = 0.01953, Training acc = 0.99722, Training precision =0.38439, Training recall = 0.99501
2018-03-15 04:51:13,990 INFO     Validation loss = 0.02573, Validation acc = 0.99649, Validation precision =0.30833, Validation recall = 0.84091
2018-03-15 04:51:19,878 INFO     EPOCH 189 ..............................................
2018-03-15 04:51:19,878 INFO     Training loss = 0.02274, Training acc = 0.9962, Training precision =0.31343, Training recall = 0.99501
2018-03-15 04:51:19,878 INFO     Validation loss = 0.02758, Validation acc = 0.9959, Validation precision =0.27407, Validation recall = 0.84091
2018-03-15 04:51:25,754 INFO     EPOCH 199 ..............................................
2018-03-15 04:51:25,754 INFO     Training loss = 0.02118, Training acc = 0.99661, Training precision =0.33871, Training recall = 0.99501
2018-03-15 04:51:25,754 INFO     Validation loss = 0.02637, Validation acc = 0.99629, Validation precision =0.29921, Validation recall = 0.86364
2018-03-15 04:51:31,634 INFO     EPOCH 209 ..............................................
2018-03-15 04:51:31,635 INFO     Training loss = 0.01974, Training acc = 0.99713, Training precision =0.37618, Training recall = 0.99252
2018-03-15 04:51:31,635 INFO     Validation loss = 0.02565, Validation acc = 0.99664, Validation precision =0.32203, Validation recall = 0.86364
2018-03-15 04:51:37,500 INFO     EPOCH 219 ..............................................
2018-03-15 04:51:37,500 INFO     Training loss = 0.01823, Training acc = 0.99774, Training precision =0.43421, Training recall = 0.98753
2018-03-15 04:51:37,500 INFO     Validation loss = 0.02344, Validation acc = 0.99739, Validation precision =0.38384, Validation recall = 0.86364
2018-03-15 04:51:43,399 INFO     EPOCH 229 ..............................................
2018-03-15 04:51:43,399 INFO     Training loss = 0.01823, Training acc = 0.99748, Training precision =0.40756, Training recall = 0.99501
2018-03-15 04:51:43,400 INFO     Validation loss = 0.02323, Validation acc = 0.99704, Validation precision =0.35185, Validation recall = 0.86364
2018-03-15 04:51:49,307 INFO     EPOCH 239 ..............................................
2018-03-15 04:51:49,310 INFO     Training loss = 0.01758, Training acc = 0.99755, Training precision =0.41415, Training recall = 0.99252
2018-03-15 04:51:49,310 INFO     Validation loss = 0.02294, Validation acc = 0.99711, Validation precision =0.35849, Validation recall = 0.86364
2018-03-15 04:51:55,211 INFO     EPOCH 249 ..............................................
2018-03-15 04:51:55,211 INFO     Training loss = 0.01952, Training acc = 0.99723, Training precision =0.38491, Training recall = 0.99252
2018-03-15 04:51:55,211 INFO     Validation loss = 0.02491, Validation acc = 0.99657, Validation precision =0.31356, Validation recall = 0.84091
2018-03-15 04:52:01,079 INFO     EPOCH 259 ..............................................
2018-03-15 04:52:01,079 INFO     Training loss = 0.01865, Training acc = 0.99737, Training precision =0.39741, Training recall = 0.99501
2018-03-15 04:52:01,080 INFO     Validation loss = 0.0248, Validation acc = 0.99672, Validation precision =0.32456, Validation recall = 0.84091
2018-03-15 04:52:07,030 INFO     EPOCH 269 ..............................................
2018-03-15 04:52:07,030 INFO     Training loss = 0.01985, Training acc = 0.99693, Training precision =0.36051, Training recall = 0.99252
2018-03-15 04:52:07,031 INFO     Validation loss = 0.02581, Validation acc = 0.99641, Validation precision =0.30328, Validation recall = 0.84091
2018-03-15 04:52:12,930 INFO     EPOCH 279 ..............................................
2018-03-15 04:52:12,930 INFO     Training loss = 0.01952, Training acc = 0.99734, Training precision =0.39484, Training recall = 0.99252
2018-03-15 04:52:12,930 INFO     Validation loss = 0.02447, Validation acc = 0.99696, Validation precision =0.34545, Validation recall = 0.86364
2018-03-15 04:52:18,959 INFO     EPOCH 289 ..............................................
2018-03-15 04:52:18,960 INFO     Training loss = 0.01946, Training acc = 0.99711, Training precision =0.37512, Training recall = 0.99252
2018-03-15 04:52:18,960 INFO     Validation loss = 0.02554, Validation acc = 0.99645, Validation precision =0.30579, Validation recall = 0.84091
2018-03-15 04:52:24,970 INFO     EPOCH 299 ..............................................
2018-03-15 04:52:24,970 INFO     Training loss = 0.01943, Training acc = 0.9972, Training precision =0.38232, Training recall = 0.99252
2018-03-15 04:52:24,970 INFO     Validation loss = 0.02463, Validation acc = 0.99672, Validation precision =0.32759, Validation recall = 0.86364
2018-03-15 04:52:30,924 INFO     EPOCH 309 ..............................................
2018-03-15 04:52:30,924 INFO     Training loss = 0.02122, Training acc = 0.99648, Training precision =0.3289, Training recall = 0.98753
2018-03-15 04:52:30,924 INFO     Validation loss = 0.02716, Validation acc = 0.99598, Validation precision =0.2782, Validation recall = 0.84091
2018-03-15 04:52:36,889 INFO     EPOCH 319 ..............................................
2018-03-15 04:52:36,890 INFO     Training loss = 0.02185, Training acc = 0.99623, Training precision =0.31487, Training recall = 0.99252
2018-03-15 04:52:36,890 INFO     Validation loss = 0.02725, Validation acc = 0.99602, Validation precision =0.27692, Validation recall = 0.81818
2018-03-15 04:52:42,875 INFO     EPOCH 329 ..............................................
2018-03-15 04:52:42,875 INFO     Training loss = 0.01999, Training acc = 0.99679, Training precision =0.35013, Training recall = 0.98753
2018-03-15 04:52:42,875 INFO     Validation loss = 0.02546, Validation acc = 0.99641, Validation precision =0.3, Validation recall = 0.81818
2018-03-15 04:52:48,891 INFO     EPOCH 339 ..............................................
2018-03-15 04:52:48,891 INFO     Training loss = 0.02196, Training acc = 0.99624, Training precision =0.31596, Training recall = 0.99751
2018-03-15 04:52:48,892 INFO     Validation loss = 0.02702, Validation acc = 0.99563, Validation precision =0.26056, Validation recall = 0.84091
2018-03-15 04:52:54,969 INFO     EPOCH 349 ..............................................
2018-03-15 04:52:54,969 INFO     Training loss = 0.02144, Training acc = 0.99664, Training precision =0.34043, Training recall = 0.99751
2018-03-15 04:52:54,969 INFO     Validation loss = 0.02732, Validation acc = 0.99602, Validation precision =0.2803, Validation recall = 0.84091
2018-03-15 04:53:01,105 INFO     EPOCH 359 ..............................................
2018-03-15 04:53:01,105 INFO     Training loss = 0.0228, Training acc = 0.9961, Training precision =0.30674, Training recall = 0.98753
2018-03-15 04:53:01,105 INFO     Validation loss = 0.0286, Validation acc = 0.99579, Validation precision =0.26471, Validation recall = 0.81818
2018-03-15 04:53:07,120 INFO     EPOCH 369 ..............................................
2018-03-15 04:53:07,120 INFO     Training loss = 0.02181, Training acc = 0.99633, Training precision =0.32071, Training recall = 0.99252
2018-03-15 04:53:07,121 INFO     Validation loss = 0.02708, Validation acc = 0.99594, Validation precision =0.27612, Validation recall = 0.84091
2018-03-15 04:53:13,157 INFO     EPOCH 379 ..............................................
2018-03-15 04:53:13,158 INFO     Training loss = 0.01879, Training acc = 0.99732, Training precision =0.39229, Training recall = 0.99002
2018-03-15 04:53:13,158 INFO     Validation loss = 0.02517, Validation acc = 0.99672, Validation precision =0.32759, Validation recall = 0.86364
2018-03-15 04:53:19,186 INFO     EPOCH 389 ..............................................
2018-03-15 04:53:19,186 INFO     Training loss = 0.01902, Training acc = 0.99729, Training precision =0.3896, Training recall = 0.99002
2018-03-15 04:53:19,186 INFO     Validation loss = 0.0249, Validation acc = 0.99684, Validation precision =0.33628, Validation recall = 0.86364
2018-03-15 04:53:25,361 INFO     EPOCH 399 ..............................................
2018-03-15 04:53:25,361 INFO     Training loss = 0.02281, Training acc = 0.99599, Training precision =0.30211, Training recall = 0.99751
2018-03-15 04:53:25,361 INFO     Validation loss = 0.02872, Validation acc = 0.99551, Validation precision =0.25175, Validation recall = 0.81818
2018-03-15 04:53:31,439 INFO     EPOCH 409 ..............................................
2018-03-15 04:53:31,439 INFO     Training loss = 0.02108, Training acc = 0.99644, Training precision =0.32732, Training recall = 0.99501
2018-03-15 04:53:31,439 INFO     Validation loss = 0.02623, Validation acc = 0.99606, Validation precision =0.27907, Validation recall = 0.81818
2018-03-15 04:53:37,497 INFO     EPOCH 419 ..............................................
2018-03-15 04:53:37,497 INFO     Training loss = 0.0253, Training acc = 0.99544, Training precision =0.27517, Training recall = 0.99501
2018-03-15 04:53:37,497 INFO     Validation loss = 0.03093, Validation acc = 0.99501, Validation precision =0.23418, Validation recall = 0.84091
2018-03-15 04:53:43,572 INFO     EPOCH 429 ..............................................
2018-03-15 04:53:43,572 INFO     Training loss = 0.0216, Training acc = 0.99606, Training precision =0.30528, Training recall = 0.99501
2018-03-15 04:53:43,572 INFO     Validation loss = 0.0265, Validation acc = 0.99559, Validation precision =0.25532, Validation recall = 0.81818
2018-03-15 04:53:49,645 INFO     EPOCH 439 ..............................................
2018-03-15 04:53:49,646 INFO     Training loss = 0.02034, Training acc = 0.99658, Training precision =0.33614, Training recall = 0.99501
2018-03-15 04:53:49,646 INFO     Validation loss = 0.02588, Validation acc = 0.99594, Validation precision =0.27612, Validation recall = 0.84091
2018-03-15 04:53:55,828 INFO     EPOCH 449 ..............................................
2018-03-15 04:53:55,828 INFO     Training loss = 0.02168, Training acc = 0.99626, Training precision =0.31608, Training recall = 0.99002
2018-03-15 04:53:55,828 INFO     Validation loss = 0.02732, Validation acc = 0.99567, Validation precision =0.25899, Validation recall = 0.81818
2018-03-15 04:54:01,916 INFO     EPOCH 459 ..............................................
2018-03-15 04:54:01,916 INFO     Training loss = 0.02202, Training acc = 0.99621, Training precision =0.31368, Training recall = 0.99501
2018-03-15 04:54:01,917 INFO     Validation loss = 0.02728, Validation acc = 0.99571, Validation precision =0.26429, Validation recall = 0.84091
2018-03-15 04:54:07,999 INFO     EPOCH 469 ..............................................
2018-03-15 04:54:07,999 INFO     Training loss = 0.02337, Training acc = 0.99616, Training precision =0.3104, Training recall = 0.99002
2018-03-15 04:54:07,999 INFO     Validation loss = 0.02934, Validation acc = 0.99532, Validation precision =0.23973, Validation recall = 0.79545
2018-03-15 04:54:14,095 INFO     EPOCH 479 ..............................................
2018-03-15 04:54:14,095 INFO     Training loss = 0.02153, Training acc = 0.99658, Training precision =0.33531, Training recall = 0.98753
2018-03-15 04:54:14,096 INFO     Validation loss = 0.02706, Validation acc = 0.99622, Validation precision =0.29457, Validation recall = 0.86364
2018-03-15 04:54:20,207 INFO     EPOCH 489 ..............................................
2018-03-15 04:54:20,207 INFO     Training loss = 0.02653, Training acc = 0.99538, Training precision =0.27229, Training recall = 0.99002
2018-03-15 04:54:20,207 INFO     Validation loss = 0.03229, Validation acc = 0.9952, Validation precision =0.24183, Validation recall = 0.84091
2018-03-15 04:54:26,303 INFO     EPOCH 499 ..............................................
2018-03-15 04:54:26,303 INFO     Training loss = 0.02162, Training acc = 0.9963, Training precision =0.31865, Training recall = 0.99252
2018-03-15 04:54:26,304 INFO     Validation loss = 0.02733, Validation acc = 0.9959, Validation precision =0.27407, Validation recall = 0.84091
2018-03-15 04:54:26,534 INFO     TESTING PERFORMANCE STATISTICS ..................................
2018-03-15 04:54:26,534 INFO     Test loss = 0.03033, Test acc = 0.99551, Test precision =0.25749, Test recall = 0.91489
2018-03-15 04:54:27,362 INFO     Adding Regularization with lambda (0.1) to the Loss Function
2018-03-15 04:54:38,702 INFO     EPOCH 9 ..............................................
2018-03-15 04:54:38,702 INFO     Training loss = 0.69775, Training acc = 0.00174, Training precision =0.00174, Training recall = 1.0
2018-03-15 04:54:38,702 INFO     Validation loss = 0.69763, Validation acc = 0.00172, Validation precision =0.00172, Validation recall = 1.0
2018-03-15 04:54:44,413 INFO     EPOCH 19 ..............................................
2018-03-15 04:54:44,413 INFO     Training loss = 0.69406, Training acc = 0.00174, Training precision =0.00174, Training recall = 1.0
2018-03-15 04:54:44,413 INFO     Validation loss = 0.69406, Validation acc = 0.00172, Validation precision =0.00172, Validation recall = 1.0
2018-03-15 04:54:50,150 INFO     EPOCH 29 ..............................................
2018-03-15 04:54:50,151 INFO     Training loss = 0.69157, Training acc = 0.99826, Training precision =0.0, Training recall = 0.0
2018-03-15 04:54:50,151 INFO     Validation loss = 0.69192, Validation acc = 0.99828, Validation precision =0.0, Validation recall = 0.0
2018-03-15 04:54:55,879 INFO     EPOCH 39 ..............................................
2018-03-15 04:54:55,879 INFO     Training loss = 0.69531, Training acc = 0.00174, Training precision =0.00174, Training recall = 1.0
2018-03-15 04:54:55,879 INFO     Validation loss = 0.69515, Validation acc = 0.00172, Validation precision =0.00172, Validation recall = 1.0
2018-03-15 04:55:01,596 INFO     EPOCH 49 ..............................................
2018-03-15 04:55:01,596 INFO     Training loss = 0.69765, Training acc = 0.00174, Training precision =0.00174, Training recall = 1.0
2018-03-15 04:55:01,597 INFO     Validation loss = 0.69745, Validation acc = 0.00172, Validation precision =0.00172, Validation recall = 1.0
2018-03-15 04:55:07,351 INFO     EPOCH 59 ..............................................
2018-03-15 04:55:07,352 INFO     Training loss = 0.69411, Training acc = 0.00174, Training precision =0.00174, Training recall = 1.0
2018-03-15 04:55:07,352 INFO     Validation loss = 0.69414, Validation acc = 0.00172, Validation precision =0.00172, Validation recall = 1.0
2018-03-15 04:55:13,093 INFO     EPOCH 69 ..............................................
2018-03-15 04:55:13,094 INFO     Training loss = 0.69683, Training acc = 0.00174, Training precision =0.00174, Training recall = 1.0
2018-03-15 04:55:13,094 INFO     Validation loss = 0.69696, Validation acc = 0.00172, Validation precision =0.00172, Validation recall = 1.0
2018-03-15 04:55:18,811 INFO     EPOCH 79 ..............................................
2018-03-15 04:55:18,811 INFO     Training loss = 0.69565, Training acc = 0.00174, Training precision =0.00174, Training recall = 1.0
2018-03-15 04:55:18,811 INFO     Validation loss = 0.69599, Validation acc = 0.00172, Validation precision =0.00172, Validation recall = 1.0
2018-03-15 04:55:24,582 INFO     EPOCH 89 ..............................................
2018-03-15 04:55:24,583 INFO     Training loss = 0.69531, Training acc = 0.00174, Training precision =0.00174, Training recall = 1.0
2018-03-15 04:55:24,583 INFO     Validation loss = 0.69516, Validation acc = 0.00172, Validation precision =0.00172, Validation recall = 1.0
2018-03-15 04:55:30,446 INFO     EPOCH 99 ..............................................
2018-03-15 04:55:30,446 INFO     Training loss = 0.69654, Training acc = 0.00174, Training precision =0.00174, Training recall = 1.0
2018-03-15 04:55:30,446 INFO     Validation loss = 0.69648, Validation acc = 0.00172, Validation precision =0.00172, Validation recall = 1.0
2018-03-15 04:55:36,290 INFO     EPOCH 109 ..............................................
2018-03-15 04:55:36,290 INFO     Training loss = 0.69536, Training acc = 0.00174, Training precision =0.00174, Training recall = 1.0
2018-03-15 04:55:36,290 INFO     Validation loss = 0.69552, Validation acc = 0.00172, Validation precision =0.00172, Validation recall = 1.0
2018-03-15 04:55:42,075 INFO     EPOCH 119 ..............................................
2018-03-15 04:55:42,076 INFO     Training loss = 0.69573, Training acc = 0.00174, Training precision =0.00174, Training recall = 1.0
2018-03-15 04:55:42,076 INFO     Validation loss = 0.69626, Validation acc = 0.00172, Validation precision =0.00172, Validation recall = 1.0
2018-03-15 04:55:47,925 INFO     EPOCH 129 ..............................................
2018-03-15 04:55:47,926 INFO     Training loss = 0.69525, Training acc = 0.00174, Training precision =0.00174, Training recall = 1.0
2018-03-15 04:55:47,926 INFO     Validation loss = 0.69502, Validation acc = 0.00172, Validation precision =0.00172, Validation recall = 1.0
2018-03-15 04:55:53,868 INFO     EPOCH 139 ..............................................
2018-03-15 04:55:53,868 INFO     Training loss = 0.69414, Training acc = 0.00174, Training precision =0.00174, Training recall = 1.0
2018-03-15 04:55:53,868 INFO     Validation loss = 0.69435, Validation acc = 0.00172, Validation precision =0.00172, Validation recall = 1.0
2018-03-15 04:55:59,641 INFO     EPOCH 149 ..............................................
2018-03-15 04:55:59,641 INFO     Training loss = 0.69406, Training acc = 0.00174, Training precision =0.00174, Training recall = 1.0
2018-03-15 04:55:59,641 INFO     Validation loss = 0.69408, Validation acc = 0.00172, Validation precision =0.00172, Validation recall = 1.0
2018-03-15 04:56:05,445 INFO     EPOCH 159 ..............................................
2018-03-15 04:56:05,445 INFO     Training loss = 0.69682, Training acc = 0.00174, Training precision =0.00174, Training recall = 1.0
2018-03-15 04:56:05,445 INFO     Validation loss = 0.69679, Validation acc = 0.00172, Validation precision =0.00172, Validation recall = 1.0
2018-03-15 04:56:11,229 INFO     EPOCH 169 ..............................................
2018-03-15 04:56:11,229 INFO     Training loss = 0.69773, Training acc = 0.00174, Training precision =0.00174, Training recall = 1.0
2018-03-15 04:56:11,229 INFO     Validation loss = 0.69775, Validation acc = 0.00172, Validation precision =0.00172, Validation recall = 1.0
2018-03-15 04:56:17,138 INFO     EPOCH 179 ..............................................
2018-03-15 04:56:17,138 INFO     Training loss = 0.69496, Training acc = 0.00174, Training precision =0.00174, Training recall = 1.0
2018-03-15 04:56:17,138 INFO     Validation loss = 0.69457, Validation acc = 0.00172, Validation precision =0.00172, Validation recall = 1.0
2018-03-15 04:56:22,979 INFO     EPOCH 189 ..............................................
2018-03-15 04:56:22,979 INFO     Training loss = 0.69653, Training acc = 0.00174, Training precision =0.00174, Training recall = 1.0
2018-03-15 04:56:22,980 INFO     Validation loss = 0.69635, Validation acc = 0.00172, Validation precision =0.00172, Validation recall = 1.0
2018-03-15 04:56:28,804 INFO     EPOCH 199 ..............................................
2018-03-15 04:56:28,804 INFO     Training loss = 0.69563, Training acc = 0.00174, Training precision =0.00174, Training recall = 1.0
2018-03-15 04:56:28,804 INFO     Validation loss = 0.69586, Validation acc = 0.00172, Validation precision =0.00172, Validation recall = 1.0
2018-03-15 04:56:34,644 INFO     EPOCH 209 ..............................................
2018-03-15 04:56:34,644 INFO     Training loss = 0.69565, Training acc = 0.00174, Training precision =0.00174, Training recall = 1.0
2018-03-15 04:56:34,644 INFO     Validation loss = 0.69604, Validation acc = 0.00172, Validation precision =0.00172, Validation recall = 1.0
2018-03-15 04:56:40,496 INFO     EPOCH 219 ..............................................
2018-03-15 04:56:40,496 INFO     Training loss = 0.6966, Training acc = 0.00174, Training precision =0.00174, Training recall = 1.0
2018-03-15 04:56:40,496 INFO     Validation loss = 0.69658, Validation acc = 0.00172, Validation precision =0.00172, Validation recall = 1.0
2018-03-15 04:56:46,355 INFO     EPOCH 229 ..............................................
2018-03-15 04:56:46,356 INFO     Training loss = 0.69763, Training acc = 0.00174, Training precision =0.00174, Training recall = 1.0
2018-03-15 04:56:46,356 INFO     Validation loss = 0.69727, Validation acc = 0.00172, Validation precision =0.00172, Validation recall = 1.0
2018-03-15 04:56:52,367 INFO     EPOCH 239 ..............................................
2018-03-15 04:56:52,367 INFO     Training loss = 0.69534, Training acc = 0.00174, Training precision =0.00174, Training recall = 1.0
2018-03-15 04:56:52,367 INFO     Validation loss = 0.69533, Validation acc = 0.00172, Validation precision =0.00172, Validation recall = 1.0
2018-03-15 04:56:58,262 INFO     EPOCH 249 ..............................................
2018-03-15 04:56:58,262 INFO     Training loss = 0.69501, Training acc = 0.00174, Training precision =0.00174, Training recall = 1.0
2018-03-15 04:56:58,262 INFO     Validation loss = 0.69464, Validation acc = 0.00172, Validation precision =0.00172, Validation recall = 1.0
2018-03-15 04:57:04,153 INFO     EPOCH 259 ..............................................
2018-03-15 04:57:04,154 INFO     Training loss = 0.69541, Training acc = 0.00174, Training precision =0.00174, Training recall = 1.0
2018-03-15 04:57:04,154 INFO     Validation loss = 0.6956, Validation acc = 0.00172, Validation precision =0.00172, Validation recall = 1.0
2018-03-15 04:57:10,146 INFO     EPOCH 269 ..............................................
2018-03-15 04:57:10,147 INFO     Training loss = 0.69572, Training acc = 0.00174, Training precision =0.00174, Training recall = 1.0
2018-03-15 04:57:10,147 INFO     Validation loss = 0.69625, Validation acc = 0.00172, Validation precision =0.00172, Validation recall = 1.0
2018-03-15 04:57:16,052 INFO     EPOCH 279 ..............................................
2018-03-15 04:57:16,052 INFO     Training loss = 0.69533, Training acc = 0.00174, Training precision =0.00174, Training recall = 1.0
2018-03-15 04:57:16,052 INFO     Validation loss = 0.69534, Validation acc = 0.00172, Validation precision =0.00172, Validation recall = 1.0
2018-03-15 04:57:21,941 INFO     EPOCH 289 ..............................................
2018-03-15 04:57:21,941 INFO     Training loss = 0.69563, Training acc = 0.00174, Training precision =0.00174, Training recall = 1.0
2018-03-15 04:57:21,941 INFO     Validation loss = 0.69583, Validation acc = 0.00172, Validation precision =0.00172, Validation recall = 1.0
2018-03-15 04:57:27,853 INFO     EPOCH 299 ..............................................
2018-03-15 04:57:27,853 INFO     Training loss = 0.69503, Training acc = 0.00174, Training precision =0.00174, Training recall = 1.0
2018-03-15 04:57:27,854 INFO     Validation loss = 0.69479, Validation acc = 0.00172, Validation precision =0.00172, Validation recall = 1.0
2018-03-15 04:57:33,841 INFO     EPOCH 309 ..............................................
2018-03-15 04:57:33,842 INFO     Training loss = 0.69571, Training acc = 0.00174, Training precision =0.00174, Training recall = 1.0
2018-03-15 04:57:33,842 INFO     Validation loss = 0.69613, Validation acc = 0.00172, Validation precision =0.00172, Validation recall = 1.0
2018-03-15 04:57:39,809 INFO     EPOCH 319 ..............................................
2018-03-15 04:57:39,809 INFO     Training loss = 0.69683, Training acc = 0.00174, Training precision =0.00174, Training recall = 1.0
2018-03-15 04:57:39,809 INFO     Validation loss = 0.69684, Validation acc = 0.00172, Validation precision =0.00172, Validation recall = 1.0
2018-03-15 04:57:45,746 INFO     EPOCH 329 ..............................................
2018-03-15 04:57:45,746 INFO     Training loss = 0.69571, Training acc = 0.00174, Training precision =0.00174, Training recall = 1.0
2018-03-15 04:57:45,747 INFO     Validation loss = 0.69613, Validation acc = 0.00172, Validation precision =0.00172, Validation recall = 1.0
2018-03-15 04:57:51,733 INFO     EPOCH 339 ..............................................
2018-03-15 04:57:51,734 INFO     Training loss = 0.69543, Training acc = 0.00174, Training precision =0.00174, Training recall = 1.0
2018-03-15 04:57:51,734 INFO     Validation loss = 0.69576, Validation acc = 0.00172, Validation precision =0.00172, Validation recall = 1.0
2018-03-15 04:57:57,725 INFO     EPOCH 349 ..............................................
2018-03-15 04:57:57,725 INFO     Training loss = 0.6957, Training acc = 0.00174, Training precision =0.00174, Training recall = 1.0
2018-03-15 04:57:57,725 INFO     Validation loss = 0.69609, Validation acc = 0.00172, Validation precision =0.00172, Validation recall = 1.0
2018-03-15 04:58:03,779 INFO     EPOCH 359 ..............................................
2018-03-15 04:58:03,779 INFO     Training loss = 0.69571, Training acc = 0.00174, Training precision =0.00174, Training recall = 1.0
2018-03-15 04:58:03,780 INFO     Validation loss = 0.69614, Validation acc = 0.00172, Validation precision =0.00172, Validation recall = 1.0
2018-03-15 04:58:09,853 INFO     EPOCH 369 ..............................................
2018-03-15 04:58:09,854 INFO     Training loss = 0.69573, Training acc = 0.00174, Training precision =0.00174, Training recall = 1.0
2018-03-15 04:58:09,854 INFO     Validation loss = 0.69629, Validation acc = 0.00172, Validation precision =0.00172, Validation recall = 1.0
2018-03-15 04:58:15,879 INFO     EPOCH 379 ..............................................
2018-03-15 04:58:15,880 INFO     Training loss = 0.69682, Training acc = 0.00174, Training precision =0.00174, Training recall = 1.0
2018-03-15 04:58:15,880 INFO     Validation loss = 0.69679, Validation acc = 0.00172, Validation precision =0.00172, Validation recall = 1.0
2018-03-15 04:58:21,979 INFO     EPOCH 389 ..............................................
2018-03-15 04:58:21,980 INFO     Training loss = 0.69662, Training acc = 0.00174, Training precision =0.00174, Training recall = 1.0
2018-03-15 04:58:21,980 INFO     Validation loss = 0.69674, Validation acc = 0.00172, Validation precision =0.00172, Validation recall = 1.0
2018-03-15 04:58:27,997 INFO     EPOCH 399 ..............................................
2018-03-15 04:58:27,997 INFO     Training loss = 0.6966, Training acc = 0.00174, Training precision =0.00174, Training recall = 1.0
2018-03-15 04:58:27,998 INFO     Validation loss = 0.69661, Validation acc = 0.00172, Validation precision =0.00172, Validation recall = 1.0
2018-03-15 04:58:34,016 INFO     EPOCH 409 ..............................................
2018-03-15 04:58:34,016 INFO     Training loss = 0.6966, Training acc = 0.00174, Training precision =0.00174, Training recall = 1.0
2018-03-15 04:58:34,016 INFO     Validation loss = 0.69657, Validation acc = 0.00172, Validation precision =0.00172, Validation recall = 1.0
2018-03-15 04:58:40,050 INFO     EPOCH 419 ..............................................
2018-03-15 04:58:40,050 INFO     Training loss = 0.69565, Training acc = 0.00174, Training precision =0.00174, Training recall = 1.0
2018-03-15 04:58:40,050 INFO     Validation loss = 0.69604, Validation acc = 0.00172, Validation precision =0.00172, Validation recall = 1.0
2018-03-15 04:58:46,090 INFO     EPOCH 429 ..............................................
2018-03-15 04:58:46,090 INFO     Training loss = 0.69541, Training acc = 0.00174, Training precision =0.00174, Training recall = 1.0
2018-03-15 04:58:46,090 INFO     Validation loss = 0.69565, Validation acc = 0.00172, Validation precision =0.00172, Validation recall = 1.0
2018-03-15 04:58:52,155 INFO     EPOCH 439 ..............................................
2018-03-15 04:58:52,155 INFO     Training loss = 0.69526, Training acc = 0.00174, Training precision =0.00174, Training recall = 1.0
2018-03-15 04:58:52,155 INFO     Validation loss = 0.69507, Validation acc = 0.00172, Validation precision =0.00172, Validation recall = 1.0
2018-03-15 04:58:58,291 INFO     EPOCH 449 ..............................................
2018-03-15 04:58:58,291 INFO     Training loss = 0.69573, Training acc = 0.00174, Training precision =0.00174, Training recall = 1.0
2018-03-15 04:58:58,292 INFO     Validation loss = 0.69631, Validation acc = 0.00172, Validation precision =0.00172, Validation recall = 1.0
2018-03-15 04:59:04,386 INFO     EPOCH 459 ..............................................
2018-03-15 04:59:04,386 INFO     Training loss = 0.69533, Training acc = 0.00174, Training precision =0.00174, Training recall = 1.0
2018-03-15 04:59:04,386 INFO     Validation loss = 0.69533, Validation acc = 0.00172, Validation precision =0.00172, Validation recall = 1.0
2018-03-15 04:59:10,462 INFO     EPOCH 469 ..............................................
2018-03-15 04:59:10,462 INFO     Training loss = 0.69683, Training acc = 0.00174, Training precision =0.00174, Training recall = 1.0
2018-03-15 04:59:10,462 INFO     Validation loss = 0.69696, Validation acc = 0.00172, Validation precision =0.00172, Validation recall = 1.0
2018-03-15 04:59:16,537 INFO     EPOCH 479 ..............................................
2018-03-15 04:59:16,537 INFO     Training loss = 0.69653, Training acc = 0.00174, Training precision =0.00174, Training recall = 1.0
2018-03-15 04:59:16,537 INFO     Validation loss = 0.69635, Validation acc = 0.00172, Validation precision =0.00172, Validation recall = 1.0
2018-03-15 04:59:22,632 INFO     EPOCH 489 ..............................................
2018-03-15 04:59:22,632 INFO     Training loss = 0.69573, Training acc = 0.00174, Training precision =0.00174, Training recall = 1.0
2018-03-15 04:59:22,632 INFO     Validation loss = 0.69626, Validation acc = 0.00172, Validation precision =0.00172, Validation recall = 1.0
2018-03-15 04:59:28,712 INFO     EPOCH 499 ..............................................
2018-03-15 04:59:28,712 INFO     Training loss = 0.69684, Training acc = 0.00174, Training precision =0.00174, Training recall = 1.0
2018-03-15 04:59:28,713 INFO     Validation loss = 0.697, Validation acc = 0.00172, Validation precision =0.00172, Validation recall = 1.0
2018-03-15 04:59:28,939 INFO     TESTING PERFORMANCE STATISTICS ..................................
2018-03-15 04:59:28,939 INFO     Test loss = 0.69698, Test acc = 0.00165, Test precision =0.00165, Test recall = 1.0
